[0.045s] Invoking command in '/home/abdul/slam_ws/build/articubot_one': CMAKE_PREFIX_PATH=${CMAKE_PREFIX_PATH}:/opt/ros/humble /usr/bin/cmake /home/abdul/slam_ws/src/articubot_one-humble -DAMENT_CMAKE_SYMLINK_INSTALL=1 -DCMAKE_INSTALL_PREFIX=/home/abdul/slam_ws/install/articubot_one
[1.092s] -- The C compiler identification is GNU 11.4.0
[1.503s] -- The CXX compiler identification is GNU 11.4.0
[1.580s] -- Detecting C compiler ABI info
[1.797s] -- Detecting C compiler ABI info - done
[1.809s] -- Check for working C compiler: /usr/bin/cc - skipped
[1.817s] -- Detecting C compile features
[1.819s] -- Detecting C compile features - done
[1.833s] -- Detecting CXX compiler ABI info
[2.087s] -- Detecting CXX compiler ABI info - done
[2.105s] -- Check for working CXX compiler: /usr/bin/c++ - skipped
[2.106s] -- Detecting CXX compile features
[2.107s] -- Detecting CXX compile features - done
[2.160s] -- Found ament_cmake: 1.3.8 (/opt/ros/humble/share/ament_cmake/cmake)
[2.506s] -- Found Python3: /usr/bin/python3 (found version "3.10.12") found components: Interpreter 
[2.649s] -- Override CMake install command with custom implementation using symlinks instead of copying resources
[2.825s] -- Found ament_lint_auto: 0.12.10 (/opt/ros/humble/share/ament_lint_auto/cmake)
[3.018s] -- Added test 'copyright' to check source files copyright and LICENSE
[3.029s] -- Added test 'flake8' to check Python code syntax and style conventions
[3.032s] -- Added test 'lint_cmake' to check CMake code style
[3.034s] -- Added test 'pep257' to check Python code against some of the docstring style conventions in PEP 257
[3.040s] -- Added test 'xmllint' to check XML markup files
[3.045s] -- Configuring done
[3.050s] -- Generating done
[3.052s] -- Build files have been written to: /home/abdul/slam_ws/build/articubot_one
[3.060s] Invoked command in '/home/abdul/slam_ws/build/articubot_one' returned '0': CMAKE_PREFIX_PATH=${CMAKE_PREFIX_PATH}:/opt/ros/humble /usr/bin/cmake /home/abdul/slam_ws/src/articubot_one-humble -DAMENT_CMAKE_SYMLINK_INSTALL=1 -DCMAKE_INSTALL_PREFIX=/home/abdul/slam_ws/install/articubot_one
[3.064s] Invoking command in '/home/abdul/slam_ws/build/articubot_one': CMAKE_PREFIX_PATH=${CMAKE_PREFIX_PATH}:/opt/ros/humble /usr/bin/cmake --build /home/abdul/slam_ws/build/articubot_one -- -j8 -l8
[3.146s] Invoked command in '/home/abdul/slam_ws/build/articubot_one' returned '0': CMAKE_PREFIX_PATH=${CMAKE_PREFIX_PATH}:/opt/ros/humble /usr/bin/cmake --build /home/abdul/slam_ws/build/articubot_one -- -j8 -l8
[3.243s] Invoking command in '/home/abdul/slam_ws/build/articubot_one': CMAKE_PREFIX_PATH=${CMAKE_PREFIX_PATH}:/opt/ros/humble /usr/bin/cmake --install /home/abdul/slam_ws/build/articubot_one
[3.256s] -- Install configuration: ""
[3.257s] -- Execute custom install script
[3.258s] -- Symlinking: /home/abdul/slam_ws/install/articubot_one/share/articubot_one/config/ball_tracker_params_robot.yaml
[3.285s] -- Symlinking: /home/abdul/slam_ws/install/articubot_one/share/articubot_one/config/ball_tracker_params_sim.yaml
[3.302s] -- Symlinking: /home/abdul/slam_ws/install/articubot_one/share/articubot_one/config/drive_bot.rviz
[3.335s] -- Symlinking: /home/abdul/slam_ws/install/articubot_one/share/articubot_one/config/empty.yaml
[3.351s] -- Symlinking: /home/abdul/slam_ws/install/articubot_one/share/articubot_one/config/gaz_ros2_ctl_use_sim.yaml
[3.372s] -- Symlinking: /home/abdul/slam_ws/install/articubot_one/share/articubot_one/config/gazebo_params.yaml
[3.403s] -- Symlinking: /home/abdul/slam_ws/install/articubot_one/share/articubot_one/config/joystick.yaml
[3.422s] -- Symlinking: /home/abdul/slam_ws/install/articubot_one/share/articubot_one/config/main.rviz
[3.439s] -- Symlinking: /home/abdul/slam_ws/install/articubot_one/share/articubot_one/config/map.rviz
[3.455s] -- Symlinking: /home/abdul/slam_ws/install/articubot_one/share/articubot_one/config/mapper_params_online_async.yaml
[3.472s] -- Symlinking: /home/abdul/slam_ws/install/articubot_one/share/articubot_one/config/my_controllers.yaml
[3.528s] -- Symlinking: /home/abdul/slam_ws/install/articubot_one/share/articubot_one/config/nav2_params.yaml
[3.544s] -- Symlinking: /home/abdul/slam_ws/install/articubot_one/share/articubot_one/config/twist_mux.yaml
[3.563s] -- Symlinking: /home/abdul/slam_ws/install/articubot_one/share/articubot_one/config/view_bot.rviz
[3.611s] -- Symlinking: /home/abdul/slam_ws/install/articubot_one/share/articubot_one/description/camera.xacro
[3.643s] -- Symlinking: /home/abdul/slam_ws/install/articubot_one/share/articubot_one/description/depth_camera.xacro
[3.659s] -- Symlinking: /home/abdul/slam_ws/install/articubot_one/share/articubot_one/description/face.xacro
[3.677s] -- Symlinking: /home/abdul/slam_ws/install/articubot_one/share/articubot_one/description/gazebo_control.xacro
[3.695s] -- Symlinking: /home/abdul/slam_ws/install/articubot_one/share/articubot_one/description/inertial_macros.xacro
[3.712s] -- Symlinking: /home/abdul/slam_ws/install/articubot_one/share/articubot_one/description/lidar.xacro
[3.739s] -- Symlinking: /home/abdul/slam_ws/install/articubot_one/share/articubot_one/description/robot.urdf.xacro
[3.757s] -- Symlinking: /home/abdul/slam_ws/install/articubot_one/share/articubot_one/description/robot_core.xacro
[3.774s] -- Symlinking: /home/abdul/slam_ws/install/articubot_one/share/articubot_one/description/ros2_control.xacro
[3.790s] -- Symlinking: /home/abdul/slam_ws/install/articubot_one/share/articubot_one/launch/ball_tracker.launch.py
[3.840s] -- Symlinking: /home/abdul/slam_ws/install/articubot_one/share/articubot_one/launch/camera.launch.py
[3.854s] -- Symlinking: /home/abdul/slam_ws/install/articubot_one/share/articubot_one/launch/joystick.launch.py
[3.915s] -- Symlinking: /home/abdul/slam_ws/install/articubot_one/share/articubot_one/launch/launch_robot.launch.py
[3.996s] -- Symlinking: /home/abdul/slam_ws/install/articubot_one/share/articubot_one/launch/launch_sim.launch.py
[4.022s] -- Symlinking: /home/abdul/slam_ws/install/articubot_one/share/articubot_one/launch/localization_launch.py
[4.045s] -- Symlinking: /home/abdul/slam_ws/install/articubot_one/share/articubot_one/launch/navigation_launch.py
[4.062s] -- Symlinking: /home/abdul/slam_ws/install/articubot_one/share/articubot_one/launch/online_async_launch.py
[4.079s] -- Symlinking: /home/abdul/slam_ws/install/articubot_one/share/articubot_one/launch/rplidar.launch.py
[4.095s] -- Symlinking: /home/abdul/slam_ws/install/articubot_one/share/articubot_one/launch/rsp.launch.py
[4.112s] -- Symlinking: /home/abdul/slam_ws/install/articubot_one/share/articubot_one/worlds/empty.world
[4.151s] -- Symlinking: /home/abdul/slam_ws/install/articubot_one/share/articubot_one/worlds/obstacles.world
[4.206s] -- Symlinking: /home/abdul/slam_ws/install/articubot_one/share/ament_index/resource_index/package_run_dependencies/articubot_one
[4.224s] -- Symlinking: /home/abdul/slam_ws/install/articubot_one/share/ament_index/resource_index/parent_prefix_path/articubot_one
[4.253s] -- Symlinking: /home/abdul/slam_ws/install/articubot_one/share/articubot_one/environment/ament_prefix_path.sh
[4.272s] -- Symlinking: /home/abdul/slam_ws/install/articubot_one/share/articubot_one/environment/ament_prefix_path.dsv
[4.289s] -- Symlinking: /home/abdul/slam_ws/install/articubot_one/share/articubot_one/environment/path.sh
[4.306s] -- Symlinking: /home/abdul/slam_ws/install/articubot_one/share/articubot_one/environment/path.dsv
[4.329s] -- Symlinking: /home/abdul/slam_ws/install/articubot_one/share/articubot_one/local_setup.bash
[4.352s] -- Symlinking: /home/abdul/slam_ws/install/articubot_one/share/articubot_one/local_setup.sh
[4.370s] -- Symlinking: /home/abdul/slam_ws/install/articubot_one/share/articubot_one/local_setup.zsh
[4.388s] -- Symlinking: /home/abdul/slam_ws/install/articubot_one/share/articubot_one/local_setup.dsv
[4.405s] -- Symlinking: /home/abdul/slam_ws/install/articubot_one/share/articubot_one/package.dsv
[4.426s] -- Symlinking: /home/abdul/slam_ws/install/articubot_one/share/ament_index/resource_index/packages/articubot_one
[4.454s] -- Symlinking: /home/abdul/slam_ws/install/articubot_one/share/articubot_one/cmake/articubot_oneConfig.cmake
[4.479s] -- Symlinking: /home/abdul/slam_ws/install/articubot_one/share/articubot_one/cmake/articubot_oneConfig-version.cmake
[4.497s] -- Symlinking: /home/abdul/slam_ws/install/articubot_one/share/articubot_one/package.xml
[4.522s] Invoked command in '/home/abdul/slam_ws/build/articubot_one' returned '0': CMAKE_PREFIX_PATH=${CMAKE_PREFIX_PATH}:/opt/ros/humble /usr/bin/cmake --install /home/abdul/slam_ws/build/articubot_one
